{
 "cells": [
  {
   "cell_type": "code",
   "execution_count": 9,
   "id": "019f17ba-1a26-45d4-82e7-f6ea8f9fc260",
   "metadata": {},
   "outputs": [
    {
     "ename": "ImportError",
     "evalue": "Missing optional dependency 'openpyxl'.  Use pip or conda to install openpyxl.",
     "output_type": "error",
     "traceback": [
      "\u001b[1;31m---------------------------------------------------------------------------\u001b[0m",
      "\u001b[1;31mModuleNotFoundError\u001b[0m                       Traceback (most recent call last)",
      "File \u001b[1;32m~\\AppData\\Local\\Programs\\Python\\Python310\\lib\\site-packages\\pandas\\compat\\_optional.py:142\u001b[0m, in \u001b[0;36mimport_optional_dependency\u001b[1;34m(name, extra, errors, min_version)\u001b[0m\n\u001b[0;32m    141\u001b[0m \u001b[38;5;28;01mtry\u001b[39;00m:\n\u001b[1;32m--> 142\u001b[0m     module \u001b[38;5;241m=\u001b[39m \u001b[43mimportlib\u001b[49m\u001b[38;5;241;43m.\u001b[39;49m\u001b[43mimport_module\u001b[49m\u001b[43m(\u001b[49m\u001b[43mname\u001b[49m\u001b[43m)\u001b[49m\n\u001b[0;32m    143\u001b[0m \u001b[38;5;28;01mexcept\u001b[39;00m \u001b[38;5;167;01mImportError\u001b[39;00m:\n",
      "File \u001b[1;32m~\\AppData\\Local\\Programs\\Python\\Python310\\lib\\importlib\\__init__.py:126\u001b[0m, in \u001b[0;36mimport_module\u001b[1;34m(name, package)\u001b[0m\n\u001b[0;32m    125\u001b[0m         level \u001b[38;5;241m+\u001b[39m\u001b[38;5;241m=\u001b[39m \u001b[38;5;241m1\u001b[39m\n\u001b[1;32m--> 126\u001b[0m \u001b[38;5;28;01mreturn\u001b[39;00m \u001b[43m_bootstrap\u001b[49m\u001b[38;5;241;43m.\u001b[39;49m\u001b[43m_gcd_import\u001b[49m\u001b[43m(\u001b[49m\u001b[43mname\u001b[49m\u001b[43m[\u001b[49m\u001b[43mlevel\u001b[49m\u001b[43m:\u001b[49m\u001b[43m]\u001b[49m\u001b[43m,\u001b[49m\u001b[43m \u001b[49m\u001b[43mpackage\u001b[49m\u001b[43m,\u001b[49m\u001b[43m \u001b[49m\u001b[43mlevel\u001b[49m\u001b[43m)\u001b[49m\n",
      "File \u001b[1;32m<frozen importlib._bootstrap>:1050\u001b[0m, in \u001b[0;36m_gcd_import\u001b[1;34m(name, package, level)\u001b[0m\n",
      "File \u001b[1;32m<frozen importlib._bootstrap>:1027\u001b[0m, in \u001b[0;36m_find_and_load\u001b[1;34m(name, import_)\u001b[0m\n",
      "File \u001b[1;32m<frozen importlib._bootstrap>:1004\u001b[0m, in \u001b[0;36m_find_and_load_unlocked\u001b[1;34m(name, import_)\u001b[0m\n",
      "\u001b[1;31mModuleNotFoundError\u001b[0m: No module named 'openpyxl'",
      "\nDuring handling of the above exception, another exception occurred:\n",
      "\u001b[1;31mImportError\u001b[0m                               Traceback (most recent call last)",
      "Cell \u001b[1;32mIn [9], line 2\u001b[0m\n\u001b[0;32m      1\u001b[0m \u001b[38;5;28;01mimport\u001b[39;00m \u001b[38;5;21;01mpandas\u001b[39;00m \u001b[38;5;28;01mas\u001b[39;00m \u001b[38;5;21;01mpd\u001b[39;00m\n\u001b[1;32m----> 2\u001b[0m df \u001b[38;5;241m=\u001b[39m \u001b[43mpd\u001b[49m\u001b[38;5;241;43m.\u001b[39;49m\u001b[43mread_excel\u001b[49m\u001b[43m(\u001b[49m\u001b[38;5;124;43m\"\u001b[39;49m\u001b[38;5;124;43mExcelData.xlsx\u001b[39;49m\u001b[38;5;124;43m\"\u001b[39;49m\u001b[43m)\u001b[49m\n\u001b[0;32m      3\u001b[0m df\n",
      "File \u001b[1;32m~\\AppData\\Local\\Programs\\Python\\Python310\\lib\\site-packages\\pandas\\io\\excel\\_base.py:478\u001b[0m, in \u001b[0;36mread_excel\u001b[1;34m(io, sheet_name, header, names, index_col, usecols, dtype, engine, converters, true_values, false_values, skiprows, nrows, na_values, keep_default_na, na_filter, verbose, parse_dates, date_parser, date_format, thousands, decimal, comment, skipfooter, storage_options, dtype_backend)\u001b[0m\n\u001b[0;32m    476\u001b[0m \u001b[38;5;28;01mif\u001b[39;00m \u001b[38;5;129;01mnot\u001b[39;00m \u001b[38;5;28misinstance\u001b[39m(io, ExcelFile):\n\u001b[0;32m    477\u001b[0m     should_close \u001b[38;5;241m=\u001b[39m \u001b[38;5;28;01mTrue\u001b[39;00m\n\u001b[1;32m--> 478\u001b[0m     io \u001b[38;5;241m=\u001b[39m \u001b[43mExcelFile\u001b[49m\u001b[43m(\u001b[49m\u001b[43mio\u001b[49m\u001b[43m,\u001b[49m\u001b[43m \u001b[49m\u001b[43mstorage_options\u001b[49m\u001b[38;5;241;43m=\u001b[39;49m\u001b[43mstorage_options\u001b[49m\u001b[43m,\u001b[49m\u001b[43m \u001b[49m\u001b[43mengine\u001b[49m\u001b[38;5;241;43m=\u001b[39;49m\u001b[43mengine\u001b[49m\u001b[43m)\u001b[49m\n\u001b[0;32m    479\u001b[0m \u001b[38;5;28;01melif\u001b[39;00m engine \u001b[38;5;129;01mand\u001b[39;00m engine \u001b[38;5;241m!=\u001b[39m io\u001b[38;5;241m.\u001b[39mengine:\n\u001b[0;32m    480\u001b[0m     \u001b[38;5;28;01mraise\u001b[39;00m \u001b[38;5;167;01mValueError\u001b[39;00m(\n\u001b[0;32m    481\u001b[0m         \u001b[38;5;124m\"\u001b[39m\u001b[38;5;124mEngine should not be specified when passing \u001b[39m\u001b[38;5;124m\"\u001b[39m\n\u001b[0;32m    482\u001b[0m         \u001b[38;5;124m\"\u001b[39m\u001b[38;5;124man ExcelFile - ExcelFile already has the engine set\u001b[39m\u001b[38;5;124m\"\u001b[39m\n\u001b[0;32m    483\u001b[0m     )\n",
      "File \u001b[1;32m~\\AppData\\Local\\Programs\\Python\\Python310\\lib\\site-packages\\pandas\\io\\excel\\_base.py:1513\u001b[0m, in \u001b[0;36mExcelFile.__init__\u001b[1;34m(self, path_or_buffer, engine, storage_options)\u001b[0m\n\u001b[0;32m   1510\u001b[0m \u001b[38;5;28mself\u001b[39m\u001b[38;5;241m.\u001b[39mengine \u001b[38;5;241m=\u001b[39m engine\n\u001b[0;32m   1511\u001b[0m \u001b[38;5;28mself\u001b[39m\u001b[38;5;241m.\u001b[39mstorage_options \u001b[38;5;241m=\u001b[39m storage_options\n\u001b[1;32m-> 1513\u001b[0m \u001b[38;5;28mself\u001b[39m\u001b[38;5;241m.\u001b[39m_reader \u001b[38;5;241m=\u001b[39m \u001b[38;5;28;43mself\u001b[39;49m\u001b[38;5;241;43m.\u001b[39;49m\u001b[43m_engines\u001b[49m\u001b[43m[\u001b[49m\u001b[43mengine\u001b[49m\u001b[43m]\u001b[49m\u001b[43m(\u001b[49m\u001b[38;5;28;43mself\u001b[39;49m\u001b[38;5;241;43m.\u001b[39;49m\u001b[43m_io\u001b[49m\u001b[43m,\u001b[49m\u001b[43m \u001b[49m\u001b[43mstorage_options\u001b[49m\u001b[38;5;241;43m=\u001b[39;49m\u001b[43mstorage_options\u001b[49m\u001b[43m)\u001b[49m\n",
      "File \u001b[1;32m~\\AppData\\Local\\Programs\\Python\\Python310\\lib\\site-packages\\pandas\\io\\excel\\_openpyxl.py:548\u001b[0m, in \u001b[0;36mOpenpyxlReader.__init__\u001b[1;34m(self, filepath_or_buffer, storage_options)\u001b[0m\n\u001b[0;32m    533\u001b[0m \u001b[38;5;129m@doc\u001b[39m(storage_options\u001b[38;5;241m=\u001b[39m_shared_docs[\u001b[38;5;124m\"\u001b[39m\u001b[38;5;124mstorage_options\u001b[39m\u001b[38;5;124m\"\u001b[39m])\n\u001b[0;32m    534\u001b[0m \u001b[38;5;28;01mdef\u001b[39;00m \u001b[38;5;21m__init__\u001b[39m(\n\u001b[0;32m    535\u001b[0m     \u001b[38;5;28mself\u001b[39m,\n\u001b[0;32m    536\u001b[0m     filepath_or_buffer: FilePath \u001b[38;5;241m|\u001b[39m ReadBuffer[\u001b[38;5;28mbytes\u001b[39m],\n\u001b[0;32m    537\u001b[0m     storage_options: StorageOptions \u001b[38;5;241m=\u001b[39m \u001b[38;5;28;01mNone\u001b[39;00m,\n\u001b[0;32m    538\u001b[0m ) \u001b[38;5;241m-\u001b[39m\u001b[38;5;241m>\u001b[39m \u001b[38;5;28;01mNone\u001b[39;00m:\n\u001b[0;32m    539\u001b[0m     \u001b[38;5;124;03m\"\"\"\u001b[39;00m\n\u001b[0;32m    540\u001b[0m \u001b[38;5;124;03m    Reader using openpyxl engine.\u001b[39;00m\n\u001b[0;32m    541\u001b[0m \n\u001b[1;32m   (...)\u001b[0m\n\u001b[0;32m    546\u001b[0m \u001b[38;5;124;03m    {storage_options}\u001b[39;00m\n\u001b[0;32m    547\u001b[0m \u001b[38;5;124;03m    \"\"\"\u001b[39;00m\n\u001b[1;32m--> 548\u001b[0m     \u001b[43mimport_optional_dependency\u001b[49m\u001b[43m(\u001b[49m\u001b[38;5;124;43m\"\u001b[39;49m\u001b[38;5;124;43mopenpyxl\u001b[39;49m\u001b[38;5;124;43m\"\u001b[39;49m\u001b[43m)\u001b[49m\n\u001b[0;32m    549\u001b[0m     \u001b[38;5;28msuper\u001b[39m()\u001b[38;5;241m.\u001b[39m\u001b[38;5;21m__init__\u001b[39m(filepath_or_buffer, storage_options\u001b[38;5;241m=\u001b[39mstorage_options)\n",
      "File \u001b[1;32m~\\AppData\\Local\\Programs\\Python\\Python310\\lib\\site-packages\\pandas\\compat\\_optional.py:145\u001b[0m, in \u001b[0;36mimport_optional_dependency\u001b[1;34m(name, extra, errors, min_version)\u001b[0m\n\u001b[0;32m    143\u001b[0m \u001b[38;5;28;01mexcept\u001b[39;00m \u001b[38;5;167;01mImportError\u001b[39;00m:\n\u001b[0;32m    144\u001b[0m     \u001b[38;5;28;01mif\u001b[39;00m errors \u001b[38;5;241m==\u001b[39m \u001b[38;5;124m\"\u001b[39m\u001b[38;5;124mraise\u001b[39m\u001b[38;5;124m\"\u001b[39m:\n\u001b[1;32m--> 145\u001b[0m         \u001b[38;5;28;01mraise\u001b[39;00m \u001b[38;5;167;01mImportError\u001b[39;00m(msg)\n\u001b[0;32m    146\u001b[0m     \u001b[38;5;28;01mreturn\u001b[39;00m \u001b[38;5;28;01mNone\u001b[39;00m\n\u001b[0;32m    148\u001b[0m \u001b[38;5;66;03m# Handle submodules: if we have submodule, grab parent module from sys.modules\u001b[39;00m\n",
      "\u001b[1;31mImportError\u001b[0m: Missing optional dependency 'openpyxl'.  Use pip or conda to install openpyxl."
     ]
    }
   ],
   "source": [
    "import pandas as pd\n",
    "df = pd.read_excel(\"ExcelData.xlsx\")\n",
    "df"
   ]
  },
  {
   "cell_type": "markdown",
   "id": "0683a8fb-57cf-48ef-9a0c-08ebba4e7f76",
   "metadata": {},
   "source": [
    "What to do if you get the error --->ImportError: Missing optional dependency 'openpyxl'.  Use pip or conda to install openpyxl."
   ]
  },
  {
   "cell_type": "code",
   "execution_count": 10,
   "id": "4147fbe5-b304-4641-96f8-435b04876ac1",
   "metadata": {},
   "outputs": [
    {
     "name": "stdout",
     "output_type": "stream",
     "text": [
      "Collecting openpyxl\n",
      "  Downloading openpyxl-3.1.2-py2.py3-none-any.whl (249 kB)\n",
      "     -------------------------------------- 250.0/250.0 kB 1.9 MB/s eta 0:00:00\n",
      "Collecting et-xmlfile (from openpyxl)\n",
      "  Downloading et_xmlfile-1.1.0-py3-none-any.whl (4.7 kB)\n",
      "Installing collected packages: et-xmlfile, openpyxl\n",
      "Successfully installed et-xmlfile-1.1.0 openpyxl-3.1.2\n",
      "Note: you may need to restart the kernel to use updated packages.\n"
     ]
    }
   ],
   "source": [
    "pip install openpyxl  # installing the dependency 'openpyxl'"
   ]
  },
  {
   "cell_type": "code",
   "execution_count": 21,
   "id": "e2930da4-f2e0-4b5c-b127-24927a007810",
   "metadata": {},
   "outputs": [
    {
     "data": {
      "text/html": [
       "<div>\n",
       "<style scoped>\n",
       "    .dataframe tbody tr th:only-of-type {\n",
       "        vertical-align: middle;\n",
       "    }\n",
       "\n",
       "    .dataframe tbody tr th {\n",
       "        vertical-align: top;\n",
       "    }\n",
       "\n",
       "    .dataframe thead th {\n",
       "        text-align: right;\n",
       "    }\n",
       "</style>\n",
       "<table border=\"1\" class=\"dataframe\">\n",
       "  <thead>\n",
       "    <tr style=\"text-align: right;\">\n",
       "      <th></th>\n",
       "      <th>Sepal.Length</th>\n",
       "      <th>Sepal.Width</th>\n",
       "      <th>Petal.Length</th>\n",
       "      <th>Petal.Width</th>\n",
       "      <th>Species</th>\n",
       "    </tr>\n",
       "  </thead>\n",
       "  <tbody>\n",
       "    <tr>\n",
       "      <th>0</th>\n",
       "      <td>5.1</td>\n",
       "      <td>3.5</td>\n",
       "      <td>1.4</td>\n",
       "      <td>0.2</td>\n",
       "      <td>setosa</td>\n",
       "    </tr>\n",
       "    <tr>\n",
       "      <th>1</th>\n",
       "      <td>4.9</td>\n",
       "      <td>3.0</td>\n",
       "      <td>1.4</td>\n",
       "      <td>0.2</td>\n",
       "      <td>setosa</td>\n",
       "    </tr>\n",
       "    <tr>\n",
       "      <th>2</th>\n",
       "      <td>4.7</td>\n",
       "      <td>3.2</td>\n",
       "      <td>1.3</td>\n",
       "      <td>0.2</td>\n",
       "      <td>setosa</td>\n",
       "    </tr>\n",
       "    <tr>\n",
       "      <th>3</th>\n",
       "      <td>4.6</td>\n",
       "      <td>3.1</td>\n",
       "      <td>1.5</td>\n",
       "      <td>0.2</td>\n",
       "      <td>setosa</td>\n",
       "    </tr>\n",
       "    <tr>\n",
       "      <th>4</th>\n",
       "      <td>5.0</td>\n",
       "      <td>3.6</td>\n",
       "      <td>1.4</td>\n",
       "      <td>0.2</td>\n",
       "      <td>setosa</td>\n",
       "    </tr>\n",
       "    <tr>\n",
       "      <th>...</th>\n",
       "      <td>...</td>\n",
       "      <td>...</td>\n",
       "      <td>...</td>\n",
       "      <td>...</td>\n",
       "      <td>...</td>\n",
       "    </tr>\n",
       "    <tr>\n",
       "      <th>145</th>\n",
       "      <td>6.7</td>\n",
       "      <td>3.0</td>\n",
       "      <td>5.2</td>\n",
       "      <td>2.3</td>\n",
       "      <td>virginica</td>\n",
       "    </tr>\n",
       "    <tr>\n",
       "      <th>146</th>\n",
       "      <td>6.3</td>\n",
       "      <td>2.5</td>\n",
       "      <td>5.0</td>\n",
       "      <td>1.9</td>\n",
       "      <td>virginica</td>\n",
       "    </tr>\n",
       "    <tr>\n",
       "      <th>147</th>\n",
       "      <td>6.5</td>\n",
       "      <td>3.0</td>\n",
       "      <td>5.2</td>\n",
       "      <td>2.0</td>\n",
       "      <td>virginica</td>\n",
       "    </tr>\n",
       "    <tr>\n",
       "      <th>148</th>\n",
       "      <td>6.2</td>\n",
       "      <td>3.4</td>\n",
       "      <td>5.4</td>\n",
       "      <td>2.3</td>\n",
       "      <td>virginica</td>\n",
       "    </tr>\n",
       "    <tr>\n",
       "      <th>149</th>\n",
       "      <td>5.9</td>\n",
       "      <td>3.0</td>\n",
       "      <td>5.1</td>\n",
       "      <td>1.8</td>\n",
       "      <td>virginica</td>\n",
       "    </tr>\n",
       "  </tbody>\n",
       "</table>\n",
       "<p>150 rows × 5 columns</p>\n",
       "</div>"
      ],
      "text/plain": [
       "     Sepal.Length  Sepal.Width  Petal.Length  Petal.Width    Species\n",
       "0             5.1          3.5           1.4          0.2     setosa\n",
       "1             4.9          3.0           1.4          0.2     setosa\n",
       "2             4.7          3.2           1.3          0.2     setosa\n",
       "3             4.6          3.1           1.5          0.2     setosa\n",
       "4             5.0          3.6           1.4          0.2     setosa\n",
       "..            ...          ...           ...          ...        ...\n",
       "145           6.7          3.0           5.2          2.3  virginica\n",
       "146           6.3          2.5           5.0          1.9  virginica\n",
       "147           6.5          3.0           5.2          2.0  virginica\n",
       "148           6.2          3.4           5.4          2.3  virginica\n",
       "149           5.9          3.0           5.1          1.8  virginica\n",
       "\n",
       "[150 rows x 5 columns]"
      ]
     },
     "execution_count": 21,
     "metadata": {},
     "output_type": "execute_result"
    }
   ],
   "source": [
    "import pandas as pd\n",
    "df = pd.read_excel(\"ExcelData.xlsx\")  # importing an Excell in the current path\n",
    "df"
   ]
  },
  {
   "cell_type": "code",
   "execution_count": 22,
   "id": "6121dc20-5ebe-4f71-bb31-5e4348193f65",
   "metadata": {},
   "outputs": [
    {
     "data": {
      "text/html": [
       "<div>\n",
       "<style scoped>\n",
       "    .dataframe tbody tr th:only-of-type {\n",
       "        vertical-align: middle;\n",
       "    }\n",
       "\n",
       "    .dataframe tbody tr th {\n",
       "        vertical-align: top;\n",
       "    }\n",
       "\n",
       "    .dataframe thead th {\n",
       "        text-align: right;\n",
       "    }\n",
       "</style>\n",
       "<table border=\"1\" class=\"dataframe\">\n",
       "  <thead>\n",
       "    <tr style=\"text-align: right;\">\n",
       "      <th></th>\n",
       "      <th>Sepal.Length</th>\n",
       "      <th>Sepal.Width</th>\n",
       "      <th>Petal.Length</th>\n",
       "      <th>Petal.Width</th>\n",
       "      <th>Species</th>\n",
       "    </tr>\n",
       "  </thead>\n",
       "  <tbody>\n",
       "    <tr>\n",
       "      <th>0</th>\n",
       "      <td>5.1</td>\n",
       "      <td>3.5</td>\n",
       "      <td>1.4</td>\n",
       "      <td>0.2</td>\n",
       "      <td>setosa</td>\n",
       "    </tr>\n",
       "    <tr>\n",
       "      <th>1</th>\n",
       "      <td>4.9</td>\n",
       "      <td>3.0</td>\n",
       "      <td>1.4</td>\n",
       "      <td>0.2</td>\n",
       "      <td>setosa</td>\n",
       "    </tr>\n",
       "    <tr>\n",
       "      <th>2</th>\n",
       "      <td>4.7</td>\n",
       "      <td>3.2</td>\n",
       "      <td>1.3</td>\n",
       "      <td>0.2</td>\n",
       "      <td>setosa</td>\n",
       "    </tr>\n",
       "    <tr>\n",
       "      <th>3</th>\n",
       "      <td>4.6</td>\n",
       "      <td>3.1</td>\n",
       "      <td>1.5</td>\n",
       "      <td>0.2</td>\n",
       "      <td>setosa</td>\n",
       "    </tr>\n",
       "    <tr>\n",
       "      <th>4</th>\n",
       "      <td>5.0</td>\n",
       "      <td>3.6</td>\n",
       "      <td>1.4</td>\n",
       "      <td>0.2</td>\n",
       "      <td>setosa</td>\n",
       "    </tr>\n",
       "    <tr>\n",
       "      <th>...</th>\n",
       "      <td>...</td>\n",
       "      <td>...</td>\n",
       "      <td>...</td>\n",
       "      <td>...</td>\n",
       "      <td>...</td>\n",
       "    </tr>\n",
       "    <tr>\n",
       "      <th>145</th>\n",
       "      <td>6.7</td>\n",
       "      <td>3.0</td>\n",
       "      <td>5.2</td>\n",
       "      <td>2.3</td>\n",
       "      <td>virginica</td>\n",
       "    </tr>\n",
       "    <tr>\n",
       "      <th>146</th>\n",
       "      <td>6.3</td>\n",
       "      <td>2.5</td>\n",
       "      <td>5.0</td>\n",
       "      <td>1.9</td>\n",
       "      <td>virginica</td>\n",
       "    </tr>\n",
       "    <tr>\n",
       "      <th>147</th>\n",
       "      <td>6.5</td>\n",
       "      <td>3.0</td>\n",
       "      <td>5.2</td>\n",
       "      <td>2.0</td>\n",
       "      <td>virginica</td>\n",
       "    </tr>\n",
       "    <tr>\n",
       "      <th>148</th>\n",
       "      <td>6.2</td>\n",
       "      <td>3.4</td>\n",
       "      <td>5.4</td>\n",
       "      <td>2.3</td>\n",
       "      <td>virginica</td>\n",
       "    </tr>\n",
       "    <tr>\n",
       "      <th>149</th>\n",
       "      <td>5.9</td>\n",
       "      <td>3.0</td>\n",
       "      <td>5.1</td>\n",
       "      <td>1.8</td>\n",
       "      <td>virginica</td>\n",
       "    </tr>\n",
       "  </tbody>\n",
       "</table>\n",
       "<p>150 rows × 5 columns</p>\n",
       "</div>"
      ],
      "text/plain": [
       "     Sepal.Length  Sepal.Width  Petal.Length  Petal.Width    Species\n",
       "0             5.1          3.5           1.4          0.2     setosa\n",
       "1             4.9          3.0           1.4          0.2     setosa\n",
       "2             4.7          3.2           1.3          0.2     setosa\n",
       "3             4.6          3.1           1.5          0.2     setosa\n",
       "4             5.0          3.6           1.4          0.2     setosa\n",
       "..            ...          ...           ...          ...        ...\n",
       "145           6.7          3.0           5.2          2.3  virginica\n",
       "146           6.3          2.5           5.0          1.9  virginica\n",
       "147           6.5          3.0           5.2          2.0  virginica\n",
       "148           6.2          3.4           5.4          2.3  virginica\n",
       "149           5.9          3.0           5.1          1.8  virginica\n",
       "\n",
       "[150 rows x 5 columns]"
      ]
     },
     "execution_count": 22,
     "metadata": {},
     "output_type": "execute_result"
    }
   ],
   "source": [
    "import pandas as pd\n",
    "df = pd.read_excel(\"C:\\\\Users\\\\gayanp\\\\PythonTest\\\\datasources\\\\Excel Data.xlsx\") \n",
    "df # for importing from another path"
   ]
  },
  {
   "cell_type": "code",
   "execution_count": 19,
   "id": "abcb8d8f-6d4f-40b3-88a1-d8d595a88d31",
   "metadata": {},
   "outputs": [
    {
     "data": {
      "text/html": [
       "<div>\n",
       "<style scoped>\n",
       "    .dataframe tbody tr th:only-of-type {\n",
       "        vertical-align: middle;\n",
       "    }\n",
       "\n",
       "    .dataframe tbody tr th {\n",
       "        vertical-align: top;\n",
       "    }\n",
       "\n",
       "    .dataframe thead th {\n",
       "        text-align: right;\n",
       "    }\n",
       "</style>\n",
       "<table border=\"1\" class=\"dataframe\">\n",
       "  <thead>\n",
       "    <tr style=\"text-align: right;\">\n",
       "      <th></th>\n",
       "      <th>Sepal.Length</th>\n",
       "      <th>Sepal.Width</th>\n",
       "      <th>Petal.Length</th>\n",
       "      <th>Petal.Width</th>\n",
       "      <th>Species</th>\n",
       "    </tr>\n",
       "  </thead>\n",
       "  <tbody>\n",
       "    <tr>\n",
       "      <th>0</th>\n",
       "      <td>5.1</td>\n",
       "      <td>3.5</td>\n",
       "      <td>1.4</td>\n",
       "      <td>0.2</td>\n",
       "      <td>setosa</td>\n",
       "    </tr>\n",
       "    <tr>\n",
       "      <th>1</th>\n",
       "      <td>4.9</td>\n",
       "      <td>3.0</td>\n",
       "      <td>1.4</td>\n",
       "      <td>0.2</td>\n",
       "      <td>setosa</td>\n",
       "    </tr>\n",
       "    <tr>\n",
       "      <th>2</th>\n",
       "      <td>4.7</td>\n",
       "      <td>3.2</td>\n",
       "      <td>1.3</td>\n",
       "      <td>0.2</td>\n",
       "      <td>setosa</td>\n",
       "    </tr>\n",
       "    <tr>\n",
       "      <th>3</th>\n",
       "      <td>4.6</td>\n",
       "      <td>3.1</td>\n",
       "      <td>1.5</td>\n",
       "      <td>0.2</td>\n",
       "      <td>setosa</td>\n",
       "    </tr>\n",
       "    <tr>\n",
       "      <th>4</th>\n",
       "      <td>5.0</td>\n",
       "      <td>3.6</td>\n",
       "      <td>1.4</td>\n",
       "      <td>0.2</td>\n",
       "      <td>setosa</td>\n",
       "    </tr>\n",
       "    <tr>\n",
       "      <th>...</th>\n",
       "      <td>...</td>\n",
       "      <td>...</td>\n",
       "      <td>...</td>\n",
       "      <td>...</td>\n",
       "      <td>...</td>\n",
       "    </tr>\n",
       "    <tr>\n",
       "      <th>145</th>\n",
       "      <td>6.7</td>\n",
       "      <td>3.0</td>\n",
       "      <td>5.2</td>\n",
       "      <td>2.3</td>\n",
       "      <td>virginica</td>\n",
       "    </tr>\n",
       "    <tr>\n",
       "      <th>146</th>\n",
       "      <td>6.3</td>\n",
       "      <td>2.5</td>\n",
       "      <td>5.0</td>\n",
       "      <td>1.9</td>\n",
       "      <td>virginica</td>\n",
       "    </tr>\n",
       "    <tr>\n",
       "      <th>147</th>\n",
       "      <td>6.5</td>\n",
       "      <td>3.0</td>\n",
       "      <td>5.2</td>\n",
       "      <td>2.0</td>\n",
       "      <td>virginica</td>\n",
       "    </tr>\n",
       "    <tr>\n",
       "      <th>148</th>\n",
       "      <td>6.2</td>\n",
       "      <td>3.4</td>\n",
       "      <td>5.4</td>\n",
       "      <td>2.3</td>\n",
       "      <td>virginica</td>\n",
       "    </tr>\n",
       "    <tr>\n",
       "      <th>149</th>\n",
       "      <td>5.9</td>\n",
       "      <td>3.0</td>\n",
       "      <td>5.1</td>\n",
       "      <td>1.8</td>\n",
       "      <td>virginica</td>\n",
       "    </tr>\n",
       "  </tbody>\n",
       "</table>\n",
       "<p>150 rows × 5 columns</p>\n",
       "</div>"
      ],
      "text/plain": [
       "     Sepal.Length  Sepal.Width  Petal.Length  Petal.Width    Species\n",
       "0             5.1          3.5           1.4          0.2     setosa\n",
       "1             4.9          3.0           1.4          0.2     setosa\n",
       "2             4.7          3.2           1.3          0.2     setosa\n",
       "3             4.6          3.1           1.5          0.2     setosa\n",
       "4             5.0          3.6           1.4          0.2     setosa\n",
       "..            ...          ...           ...          ...        ...\n",
       "145           6.7          3.0           5.2          2.3  virginica\n",
       "146           6.3          2.5           5.0          1.9  virginica\n",
       "147           6.5          3.0           5.2          2.0  virginica\n",
       "148           6.2          3.4           5.4          2.3  virginica\n",
       "149           5.9          3.0           5.1          1.8  virginica\n",
       "\n",
       "[150 rows x 5 columns]"
      ]
     },
     "execution_count": 19,
     "metadata": {},
     "output_type": "execute_result"
    }
   ],
   "source": [
    "import pandas as pd\n",
    "df = pd.read_excel(\"C:\\\\Users\\\\gayanp\\\\PythonTest\\\\datasources\\\\Excel Data.xlsx\",sheet_name='iris')\n",
    "df   # accessing the data on first sheet by sheet name"
   ]
  },
  {
   "cell_type": "code",
   "execution_count": 20,
   "id": "785eeafc-0521-47ac-8ef6-8384b5949bdb",
   "metadata": {},
   "outputs": [
    {
     "data": {
      "text/html": [
       "<div>\n",
       "<style scoped>\n",
       "    .dataframe tbody tr th:only-of-type {\n",
       "        vertical-align: middle;\n",
       "    }\n",
       "\n",
       "    .dataframe tbody tr th {\n",
       "        vertical-align: top;\n",
       "    }\n",
       "\n",
       "    .dataframe thead th {\n",
       "        text-align: right;\n",
       "    }\n",
       "</style>\n",
       "<table border=\"1\" class=\"dataframe\">\n",
       "  <thead>\n",
       "    <tr style=\"text-align: right;\">\n",
       "      <th></th>\n",
       "      <th>ID</th>\n",
       "      <th>Marks</th>\n",
       "    </tr>\n",
       "  </thead>\n",
       "  <tbody>\n",
       "    <tr>\n",
       "      <th>0</th>\n",
       "      <td>1</td>\n",
       "      <td>67</td>\n",
       "    </tr>\n",
       "    <tr>\n",
       "      <th>1</th>\n",
       "      <td>2</td>\n",
       "      <td>78</td>\n",
       "    </tr>\n",
       "    <tr>\n",
       "      <th>2</th>\n",
       "      <td>3</td>\n",
       "      <td>76</td>\n",
       "    </tr>\n",
       "    <tr>\n",
       "      <th>3</th>\n",
       "      <td>4</td>\n",
       "      <td>66</td>\n",
       "    </tr>\n",
       "    <tr>\n",
       "      <th>4</th>\n",
       "      <td>5</td>\n",
       "      <td>89</td>\n",
       "    </tr>\n",
       "  </tbody>\n",
       "</table>\n",
       "</div>"
      ],
      "text/plain": [
       "   ID  Marks\n",
       "0   1     67\n",
       "1   2     78\n",
       "2   3     76\n",
       "3   4     66\n",
       "4   5     89"
      ]
     },
     "execution_count": 20,
     "metadata": {},
     "output_type": "execute_result"
    }
   ],
   "source": [
    "import pandas as pd\n",
    "df = pd.read_excel(\"C:\\\\Users\\\\gayanp\\\\PythonTest\\\\datasources\\\\Excel Data.xlsx\",sheet_name='marks')\n",
    "df   # accessing the data on another sheet"
   ]
  },
  {
   "cell_type": "code",
   "execution_count": null,
   "id": "8b61bb9c-1c7f-46f7-be0d-cd5356507bc3",
   "metadata": {},
   "outputs": [],
   "source": []
  }
 ],
 "metadata": {
  "kernelspec": {
   "display_name": "Python 3 (ipykernel)",
   "language": "python",
   "name": "python3"
  },
  "language_info": {
   "codemirror_mode": {
    "name": "ipython",
    "version": 3
   },
   "file_extension": ".py",
   "mimetype": "text/x-python",
   "name": "python",
   "nbconvert_exporter": "python",
   "pygments_lexer": "ipython3",
   "version": "3.10.7"
  }
 },
 "nbformat": 4,
 "nbformat_minor": 5
}
